<?xml version="1.0" encoding="UTF-8"?>
<coverage generated="1572735948118" clover="3.2.0">
  <project timestamp="1572735948118" name="All files">
    <metrics statements="11" coveredstatements="11" conditionals="11" coveredconditionals="10" methods="1" coveredmethods="1" elements="23" coveredelements="22" complexity="0" loc="11" ncloc="11" packages="1" files="1" classes="1"/>
    <file name="index.js" path="/Users/cagatay/Desktop/perfect-number/index.js">
      <metrics statements="11" coveredstatements="11" conditionals="11" coveredconditionals="10" methods="1" coveredmethods="1"/>
      <line num="2" count="4332" type="cond" truecount="2" falsecount="0"/>
      <line num="3" count="1" type="stmt"/>
      <line num="5" count="4331" type="cond" truecount="2" falsecount="0"/>
      <line num="6" count="6" type="cond" truecount="2" falsecount="0"/>
      <line num="7" count="4" type="stmt"/>
      <line num="9" count="2" type="stmt"/>
      <line num="12" count="4325" type="cond" truecount="2" falsecount="0"/>
      <line num="13" count="26" type="stmt"/>
      <line num="15" count="4325" type="stmt"/>
      <line num="17" count="4325" type="stmt"/>
      <line num="20" count="1" type="stmt"/>
    </file>
  </project>
</coverage>
