{"/Users/cagatay/Desktop/perfect-number/index.js": {"path":"/Users/cagatay/Desktop/perfect-number/index.js","statementMap":{"0":{"start":{"line":2,"column":2},"end":{"line":4,"column":3}},"1":{"start":{"line":3,"column":4},"end":{"line":3,"column":16}},"2":{"start":{"line":5,"column":2},"end":{"line":10,"column":3}},"3":{"start":{"line":6,"column":4},"end":{"line":8,"column":5}},"4":{"start":{"line":7,"column":6},"end":{"line":7,"column":17}},"5":{"start":{"line":9,"column":4},"end":{"line":9,"column":16}},"6":{"start":{"line":12,"column":2},"end":{"line":14,"column":3}},"7":{"start":{"line":13,"column":4},"end":{"line":13,"column":15}},"8":{"start":{"line":15,"column":2},"end":{"line":15,"column":5}},"9":{"start":{"line":17,"column":2},"end":{"line":17,"column":32}},"10":{"start":{"line":20,"column":0},"end":{"line":20,"column":24}}},"fnMap":{"0":{"name":"perfect","decl":{"start":{"line":1,"column":9},"end":{"line":1,"column":16}},"loc":{"start":{"line":1,"column":45},"end":{"line":18,"column":1}},"line":1}},"branchMap":{"0":{"loc":{"start":{"line":1,"column":17},"end":{"line":1,"column":24}},"type":"default-arg","locations":[{"start":{"line":1,"column":23},"end":{"line":1,"column":24}}],"line":1},"1":{"loc":{"start":{"line":1,"column":26},"end":{"line":1,"column":36}},"type":"default-arg","locations":[{"start":{"line":1,"column":35},"end":{"line":1,"column":36}}],"line":1},"2":{"loc":{"start":{"line":1,"column":38},"end":{"line":1,"column":43}},"type":"default-arg","locations":[{"start":{"line":1,"column":42},"end":{"line":1,"column":43}}],"line":1},"3":{"loc":{"start":{"line":2,"column":2},"end":{"line":4,"column":3}},"type":"if","locations":[{"start":{"line":2,"column":2},"end":{"line":4,"column":3}},{"start":{"line":2,"column":2},"end":{"line":4,"column":3}}],"line":2},"4":{"loc":{"start":{"line":5,"column":2},"end":{"line":10,"column":3}},"type":"if","locations":[{"start":{"line":5,"column":2},"end":{"line":10,"column":3}},{"start":{"line":5,"column":2},"end":{"line":10,"column":3}}],"line":5},"5":{"loc":{"start":{"line":6,"column":4},"end":{"line":8,"column":5}},"type":"if","locations":[{"start":{"line":6,"column":4},"end":{"line":8,"column":5}},{"start":{"line":6,"column":4},"end":{"line":8,"column":5}}],"line":6},"6":{"loc":{"start":{"line":12,"column":2},"end":{"line":14,"column":3}},"type":"if","locations":[{"start":{"line":12,"column":2},"end":{"line":14,"column":3}},{"start":{"line":12,"column":2},"end":{"line":14,"column":3}}],"line":12}},"s":{"0":4332,"1":1,"2":4331,"3":6,"4":4,"5":2,"6":4325,"7":26,"8":4325,"9":4325,"10":1},"f":{"0":4332},"b":{"0":[0],"1":[7],"2":[7],"3":[1,4331],"4":[6,4325],"5":[4,2],"6":[26,4299]},"_coverageSchema":"43e27e138ebf9cfc5966b082cf9a028302ed4184","hash":"4938dfdf8c92f47d39dc5c01154310be88712bd4"}
}
